23:51.0018 [main] INFO  testCases.AccountRegistrationTest - *********Going to Cart**********
23:00.0445 [main] INFO  testCases.AccountRegistrationTest - *********Cart is Empty**********
23:00.0607 [main] INFO  testCases.AccountRegistrationTest - *********Searching for Mobiles**********
23:40.0551 [main] INFO  testCases.AccountRegistrationTest - *********Going to Cart**********
23:46.0748 [main] INFO  testCases.AccountRegistrationTest - *********Cart is Empty**********
23:46.0883 [main] INFO  testCases.AccountRegistrationTest - *********Searching for Mobiles**********
10:20.0711 [main] INFO  testCases.VerifyCartIsEmpty - *********Going to Cart**********
10:22.0960 [main] INFO  testCases.VerifyCartIsEmpty - *********Cart is Empty**********
10:23.0203 [main] INFO  testCases.VerifyCartIsEmpty - *********Searching for Mobiles**********
10:00.0917 [main] INFO  testCases.AddToCart - *********Searching for Mobiles**********
10:48.0683 [main] INFO  testCases.AddToCart - *********Searching for Mobiles**********
10:54.0943 [main] INFO  testCases.AddToCart - *********Searching for Mobiles**********
10:32.0201 [main] INFO  testCases.AddToCart - *********Searching for Mobiles**********
10:06.0680 [main] INFO  testCases.AddToCart - *********Searching for Mobiles**********
10:59.0421 [main] INFO  testCases.VerifyCartIsEmpty - *********Going to Cart**********
19:29.0646 [main] INFO  testCases.VerifyCartIsEmpty - *********Going to Cart**********
19:51.0579 [main] INFO  testCases.VerifyCartIsEmpty - *********Going to Cart**********
19:53.0640 [main] INFO  testCases.VerifyCartIsEmpty - *********Cart is Empty**********
23:42.0462 [main] INFO  testCases.VerifyCartIsEmpty - *********Going to Cart**********
23:45.0363 [main] INFO  testCases.VerifyCartIsEmpty - *********Cart is Empty**********
11:58.0959 [main] INFO  testCases.VerifyCartIsEmpty - *********Going to Cart**********
11:00.0738 [main] INFO  testCases.VerifyCartIsEmpty - *********Cart is Empty**********
11:43.0922 [main] INFO  testCases.VerifyCartIsEmpty - *********Going to Cart**********
11:45.0930 [main] INFO  testCases.VerifyCartIsEmpty - *********Cart is Empty**********
11:46.0084 [main] INFO  testCases.VerifyCartIsEmpty - *********Going to Cart**********
11:47.0800 [main] INFO  testCases.VerifyCartIsEmpty - *********Cart is Empty**********
11:20.0559 [main] INFO  testCases.VerifyCartIsEmpty - *********Going to Cart**********
11:22.0369 [main] INFO  testCases.VerifyCartIsEmpty - *********Cart is Empty**********
